<!DOCTYPE HTML><html><head><title>Behave Test Report</title><meta content="text/html;charset=utf-8" http-equiv="content-type" /><style type="text/css"><!--
@charset "utf-8"; .passed{}.failed{}.error{}.skipped{}.undefined{}.summary{}.failed_scenarios{}.footer{}body{font-size:0;color:white;margin:0;padding:0}.behave,td,th{font:normal 11px "Lucida Grande",Helvetica,sans-serif;background:white;color:black}.behave #behave-header,td #behave-header,th #behave-header{background:#65c400;color:white;height:8em}.behave #behave-header #expand-collapse p,td #behave-header #expand-collapse p,th #behave-header #expand-collapse p{float:right;margin:0 0 0 10px}.behave .scenario h3,td .scenario h3,th .scenario h3,.background h3{font-size:11px;padding:3px;margin:0;background:#65c400;color:white;font-weight:bold}.background h3{font-size:1.2em;background:#666}.behave h1,td h1,th h1{margin:0 10px 0 10px;padding:10px;font-family:"Lucida Grande",Helvetica,sans-serif;font-size:2em;position:absolute}.behave h4,td h4,th h4{margin-bottom:2px}.behave div.feature,td div.feature,th div.feature{padding:2px;margin:0 10px 5px 10px}.behave div.examples,td div.examples,th div.examples{padding:0 0 0 1em}.behave .stats,td .stats,th .stats{margin:2em}.behave .summary ul.features li,td .summary ul.features li,th .summary ul.features li{display:inline}.behave .step_name,td .step_name,th .step_name{float:left}.behave .step_file,td .step_file,th .step_file{text-align:right;color:#999}.behave .step_file a,td .step_file a,th .step_file a{color:#999}.behave .scenario_file,td .scenario_file,th .scenario_file{float:right;color:#999}.behave .step_duration{padding-left:1em}.behave .tag,td .tag,th .tag{font-weight:bold;color:#246ac1}.behave .backtrace,td .backtrace,th .backtrace{margin-top:0;margin-bottom:0;margin-left:1em;color:black}.behave a,td a,th a{color:#be5c00;margin-right:.5em}.behave a:hover,td a:hover,th a:hover{text-decoration:none}.behave a:visited,td a:visited,th a:visited{font-weight:normal}.behave a div.examples,td a div.examples,th a div.examples{margin:5px 0 5px 15px;color:black}.behave .outline table,td .outline table,th .outline table{margin:0 0 5px 10px}.behave table,td table,th table{border-collapse:collapse}.behave table td,td table td,th table td{padding:3px 3px 3px 5px}.behave table td.failed,.behave table td.passed,.behave table td.skipped,.behave table td.pending,.behave table td.undefined,td table td.failed,td table td.passed,td table td.skipped,td table td.pending{padding-left:18px;padding-right:10px}.behave table td.failed,td table td.failed,th table td.failed{border-left:5px solid #c20000;border-bottom:1px solid #c20000;background:#fffbd3;color:#c20000}.behave table td.passed,td table td.passed,th table td.passed{border-left:5px solid #65c400;border-bottom:1px solid #65c400;background:#dbffb4;color:#3d7700}.behave table td.skipped,td table td.skipped,th table td.skipped{border-left:5px solid aqua;border-bottom:1px solid aqua;background:#e0ffff;color:#011}.behave table td.pending,td table td.pending,th table td.pending{border-left:5px solid #faf834;border-bottom:1px solid #faf834;background:#fcfb98;color:#131313}.behave table td.undefined,td table td.undefined,th table td.undefined{border-left:5px solid #faf834;border-bottom:1px solid #faf834;background:#fcfb98;color:#131313}.behave table td.message,td table td.message,th table td.message{border-left:5px solid aqua;border-bottom:1px solid aqua;background:#e0ffff;color:#011}.behave ol,td ol,th ol{list-style:none;margin:0;padding:0}.behave ol li.step,td ol li.step,th ol li.step{padding:3px 3px 3px 18px;margin:5px 0 5px 5px}.behave ol li,td ol li,th ol li{margin:0 0 0 1em;padding:0 0 0 .2em}.behave ol li span.param,td ol li span.param,th ol li span.param{font-weight:bold}.behave ol li.failed,td ol li.failed,th ol li.failed{border-left:5px solid #c20000;border-bottom:1px solid #c20000;background:#fffbd3;color:#c20000}.behave ol li.passed,td ol li.passed,th ol li.passed{border-left:5px solid #65c400;border-bottom:1px solid #65c400;background:#dbffb4;color:#3d7700}.behave ol li.skipped,td ol li.skipped,th ol li.skipped{border-left:5px solid aqua;border-bottom:1px solid aqua;background:#e0ffff;color:#011}.behave ol li.pending,td ol li.pending,th ol li.pending{border-left:5px solid #faf834;border-bottom:1px solid #faf834;background:#fcfb98;color:#131313}.behave ol li.undefined,td ol li.undefined,th ol li.undefined{border-left:5px solid #faf834;border-bottom:1px solid #faf834;background:#fcfb98;color:#131313}.behave ol li.message,td ol li.message,th ol li.message{border-left:5px solid aqua;border-bottom:1px solid aqua;background:#e0ffff;color:#011;margin-left:10px}.behave #summary,td #summary,th #summary{margin:0;padding:5px 10px;text-align:right;top:0;right:0;float:right}.behave #summary p,td #summary p,th #summary p{margin:0 0 0 2px}.behave #summary #totals,td #summary #totals,th #summary #totals{font-size:1.2em}.behave .scenario h3.failed,td .scenario h3.failed,th .scenario h3.failed,.background h3.failed{background:#c20000}.behave #behave-header.failed,td #behave-header.failed,th #behave-header.failed{background:#c20000}.behave .scenario h3.undefined,td .scenario h3.undefined,th .scenario h3.undefined,.background h3.undefined{background:#faf834;color:black}.behave #behave-header.undefined,td #behave-header.undefined,th #behave-header.undefined{background:#faf834;color:black}#behave-header.failed a{color:white}pre{white-space:pre-wrap}
--></style><script type="text/javascript"><!--
function Collapsible_toggle(id){var elem=document.getElementById(id);elem.style.display=(elem.style.display=='none'?'block':'none');return false;};function Collapsible_expandAll(className){var elems=document.getElementsByClassName(className);for(var i=0;i<elems.length;i++){elems[i].style.display='block';}};function Collapsible_collapseAll(className){var elems=document.getElementsByClassName(className);for(var i=0;i<elems.length;i++){elems[i].style.display='none';}};function Collapsible_expandAllFailed(){var elems=document.getElementsByClassName('failed');for(var i=0;i<elems.length;i++){var elem=elems[i];if(elem.nodeName=='H3'){elem.parentElement.getElementsByTagName('ol')[0].style.display='block';}}}
--></script></head><body><div class="behave"><div id="behave-header" class="failed"><div id="label"><h1>Behave Test Report</h1></div><div id="summary"><p id="totals"><p id="feature_totals">Features: failed: 2</p><p id="scenario_totals">Scenarios: failed: 3</p><p id="step_totals">Steps: passed: 8, failed: 3, skipped: 3</p></p><p id="duration">Finished in 23.4 seconds</p><div id="expand-collapse"><a id="expander" href="#" onclick="Collapsible_expandAll('scenario_steps')">Expand All</a><span> | </span><a id="collapser" href="#" onclick="Collapsible_collapseAll('scenario_steps')">Collapse All</a><span> | </span><a id="failed_expander" href="#" onclick="Collapsible_expandAllFailed()">Expand All Failed</a></div></div></div><div class="feature"><h2><span class="val">Feature: Jules Sign In</span></h2><span /></div><div class="scenario"><span class="scenario_file">features/login.feature:3</span><h3 onclick="Collapsible_toggle('scenario_0')" class="failed"><span class="val">Scenario: Successful sign in with valid email and password</span></h3><ol class="scenario_steps" id="scenario_0"><li class="step passed"><div class="step_name"><span class="keyword">Given </span><span class="step val">I am on a Sign In page</span><small class="step_duration">(7.994s)</small></div><div class="step_file"><span>features/steps/login.py:4</span></div><span class="embed" /></li><li class="step passed"><div class="step_name"><span class="keyword">When </span><span class="step val">I input a valid email</span><small class="step_duration">(0.173s)</small></div><div class="step_file"><span>features/steps/login.py:8</span></div><span class="embed" /></li><li class="step passed"><div class="step_name"><span class="keyword">And </span><span class="step val">I input a valid password</span><small class="step_duration">(0.046s)</small></div><div class="step_file"><span>features/steps/login.py:12</span></div><span class="embed" /></li><li class="step passed"><div class="step_name"><span class="keyword">And </span><span class="step val">I click the login button</span><small class="step_duration">(0.022s)</small></div><div class="step_file"><span>features/steps/login.py:16</span></div><span class="embed" /></li><li class="step failed"><div class="step_name"><span class="keyword">Then </span><span class="step val"><span>I receive '</span><b>Invalid email/password combination</b><span>' error message</span></span><small class="step_duration">(10.062s)</small></div><div class="step_file"><span>features/steps/login.py:32</span></div><span class="embed"><a onclick="Collapsible_toggle('embed_1')">Error Message</a><pre id="embed_1" style="display: none">Traceback (most recent call last):
  File "/Users/sergiughimp/ProgrammingProjects/AutomationTesting/venv/lib/python3.12/site-packages/behave/model.py", line 1329, in run
    match.run(runner.context)
  File "/Users/sergiughimp/ProgrammingProjects/AutomationTesting/venv/lib/python3.12/site-packages/behave/matchers.py", line 98, in run
    self.func(context, *args, **kwargs)
  File "features/steps/login.py", line 34, in step_impl
    assert context.browser.is_error_message_displayed(err_msg)
           ^^^^^^^^^^^^^^^^^^^^^^^^^^^^^^^^^^^^^^^^^^^^^^^^^^^
  File "/Users/sergiughimp/ProgrammingProjects/AutomationTesting/Session11_bdd_tdd_gherkin/features/browser.py", line 47, in is_error_message_displayed
    error_message_element = self.driver.find_element(By.XPATH, selector)
                            ^^^^^^^^^^^^^^^^^^^^^^^^^^^^^^^^^^^^^^^^^^^^
  File "/Users/sergiughimp/ProgrammingProjects/AutomationTesting/venv/lib/python3.12/site-packages/selenium/webdriver/remote/webdriver.py", line 741, in find_element
    return self.execute(Command.FIND_ELEMENT, {"using": by, "value": value})["value"]
           ^^^^^^^^^^^^^^^^^^^^^^^^^^^^^^^^^^^^^^^^^^^^^^^^^^^^^^^^^^^^^^^^^
  File "/Users/sergiughimp/ProgrammingProjects/AutomationTesting/venv/lib/python3.12/site-packages/selenium/webdriver/remote/webdriver.py", line 347, in execute
    self.error_handler.check_response(response)
  File "/Users/sergiughimp/ProgrammingProjects/AutomationTesting/venv/lib/python3.12/site-packages/selenium/webdriver/remote/errorhandler.py", line 229, in check_response
    raise exception_class(message, screen, stacktrace)
selenium.common.exceptions.NoSuchElementException: Message: no such element: Unable to locate element: {"method":"xpath","selector":"//span[text()="Invalid email/password combination"]"}
  (Session info: chrome=119.0.6045.159); For documentation on this error, please visit: https://www.selenium.dev/documentation/webdriver/troubleshooting/errors#no-such-element-exception
Stacktrace:
0   chromedriver                        0x0000000102abe004 chromedriver + 4169732
1   chromedriver                        0x0000000102ab5ff8 chromedriver + 4136952
2   chromedriver                        0x000000010270b500 chromedriver + 292096
3   chromedriver                        0x00000001027507a0 chromedriver + 575392
4   chromedriver                        0x000000010278b818 chromedriver + 817176
5   chromedriver                        0x00000001027445e8 chromedriver + 525800
6   chromedriver                        0x00000001027454b8 chromedriver + 529592
7   chromedriver                        0x0000000102a84334 chromedriver + 3932980
8   chromedriver                        0x0000000102a88970 chromedriver + 3950960
9   chromedriver                        0x0000000102a6c774 chromedriver + 3835764
10  chromedriver                        0x0000000102a89478 chromedriver + 3953784
11  chromedriver                        0x0000000102a5eab4 chromedriver + 3779252
12  chromedriver                        0x0000000102aa5914 chromedriver + 4069652
13  chromedriver                        0x0000000102aa5a90 chromedriver + 4070032
14  chromedriver                        0x0000000102ab5c70 chromedriver + 4136048
15  libsystem_pthread.dylib             0x0000000186ae5034 _pthread_start + 136
16  libsystem_pthread.dylib             0x0000000186adfe3c thread_start + 8

</pre>    </span></li></ol><span /></div><div class="scenario"><span class="scenario_file">features/login.feature:11</span><h3 onclick="Collapsible_toggle('scenario_1')" class="failed"><span class="val">Scenario: Fail sign in with fake email and password</span></h3><ol class="scenario_steps" id="scenario_1"><li class="step passed"><div class="step_name"><span class="keyword">Given </span><span class="step val">I am on a Sign In page</span><small class="step_duration">(2.408s)</small></div><div class="step_file"><span>features/steps/login.py:4</span></div><span class="embed" /></li><li class="step passed"><div class="step_name"><span class="keyword">When </span><span class="step val">I input a fake email</span><small class="step_duration">(0.065s)</small></div><div class="step_file"><span>features/steps/login.py:24</span></div><span class="embed" /></li><li class="step failed"><div class="step_name"><span class="keyword">And </span><span class="step val">I input a fake password</span><small class="step_duration">(2.645s)</small></div><div class="step_file"><span>features/steps/login.py:28</span></div><span class="embed"><a onclick="Collapsible_toggle('embed_2')">Error Message</a><pre id="embed_2" style="display: none">Traceback (most recent call last):
  File "/Users/sergiughimp/ProgrammingProjects/AutomationTesting/venv/lib/python3.12/site-packages/behave/model.py", line 1329, in run
    match.run(runner.context)
  File "/Users/sergiughimp/ProgrammingProjects/AutomationTesting/venv/lib/python3.12/site-packages/behave/matchers.py", line 98, in run
    self.func(context, *args, **kwargs)
  File "features/steps/login.py", line 31, in step_impl
    context.browser.input_password(valid_password)
  File "/Users/sergiughimp/ProgrammingProjects/AutomationTesting/Session11_bdd_tdd_gherkin/features/browser.py", line 37, in input_password
    password_input.send_keys(password)
    ^^^^^^^^^^^^^^^^^^^^^^^^
AttributeError: 'NoneType' object has no attribute 'send_keys'
</pre>    </span></li></ol><span /></div><div class="feature"><h2><span class="val">Feature: showing off behave</span></h2><span /></div><div class="scenario"><span class="scenario_file">features/tutorial.feature:2</span><h3 onclick="Collapsible_toggle('scenario_2')" class="failed"><span class="val">Scenario: run a simple test</span></h3><ol class="scenario_steps" id="scenario_2"><li class="step passed"><div class="step_name"><span class="keyword">Given </span><span class="step val">we have behave installed</span><small class="step_duration">(0.000s)</small></div><div class="step_file"><span>features/steps/tutorial.py:3</span></div><span class="embed" /></li><li class="step passed"><div class="step_name"><span class="keyword">When </span><span class="step val">we implement a test</span><small class="step_duration">(0.000s)</small></div><div class="step_file"><span>features/steps/tutorial.py:7</span></div><span class="embed" /></li><li class="step failed"><div class="step_name"><span class="keyword">Then </span><span class="step val">behave will test it for us!</span><small class="step_duration">(0.000s)</small></div><div class="step_file"><span>features/steps/tutorial.py:11</span></div><span class="embed"><a onclick="Collapsible_toggle('embed_3')">Error Message</a><pre id="embed_3" style="display: none">Traceback (most recent call last):
  File "/Users/sergiughimp/ProgrammingProjects/AutomationTesting/venv/lib/python3.12/site-packages/behave/model.py", line 1329, in run
    match.run(runner.context)
  File "/Users/sergiughimp/ProgrammingProjects/AutomationTesting/venv/lib/python3.12/site-packages/behave/matchers.py", line 98, in run
    self.func(context, *args, **kwargs)
  File "features/steps/tutorial.py", line 13, in step_imp
    assert context.failed is False
AssertionError
</pre>    </span></li></ol><span /></div></div></body></html>